{"/home/souita/Desktop/freelancer-crm-final-project/backend/OthmaneEr-Refaly/src/app.module.ts": {"path":"/home/souita/Desktop/freelancer-crm-final-project/backend/OthmaneEr-Refaly/src/app.module.ts","statementMap":{"0":{"start":{"line":1,"column":0},"end":{"line":1,"column":40}},"1":{"start":{"line":2,"column":0},"end":{"line":2,"column":48}},"2":{"start":{"line":3,"column":0},"end":{"line":3,"column":63}},"3":{"start":{"line":4,"column":0},"end":{"line":4,"column":60}},"4":{"start":{"line":5,"column":0},"end":{"line":5,"column":72}},"5":{"start":{"line":12,"column":7},"end":{"line":12,"column":null}},"6":{"start":{"line":12,"column":13},"end":{"line":12,"column":22}},"7":{"start":{"line":12,"column":13},"end":{"line":12,"column":null}}},"fnMap":{},"branchMap":{},"s":{"0":0,"1":0,"2":0,"3":0,"4":0,"5":0,"6":0,"7":0},"f":{},"b":{}}
,"/home/souita/Desktop/freelancer-crm-final-project/backend/OthmaneEr-Refaly/src/main.ts": {"path":"/home/souita/Desktop/freelancer-crm-final-project/backend/OthmaneEr-Refaly/src/main.ts","statementMap":{"0":{"start":{"line":1,"column":0},"end":{"line":1,"column":43}},"1":{"start":{"line":2,"column":0},"end":{"line":2,"column":41}},"2":{"start":{"line":4,"column":0},"end":{"line":4,"column":48}},"3":{"start":{"line":6,"column":0},"end":{"line":6,"column":41}},"4":{"start":{"line":9,"column":16},"end":{"line":9,"column":51}},"5":{"start":{"line":10,"column":4},"end":{"line":10,"column":45}},"6":{"start":{"line":11,"column":4},"end":{"line":11,"column":28}},"7":{"start":{"line":12,"column":4},"end":{"line":12,"column":27}},"8":{"start":{"line":14,"column":0},"end":{"line":14,"column":12}}},"fnMap":{"0":{"name":"bootstrap","decl":{"start":{"line":8,"column":15},"end":{"line":8,"column":24}},"loc":{"start":{"line":8,"column":24},"end":{"line":13,"column":5}}}},"branchMap":{},"s":{"0":0,"1":0,"2":0,"3":0,"4":0,"5":0,"6":0,"7":0,"8":0},"f":{"0":0},"b":{}}
,"/home/souita/Desktop/freelancer-crm-final-project/backend/OthmaneEr-Refaly/src/auth/auth.controller.ts": {"path":"/home/souita/Desktop/freelancer-crm-final-project/backend/OthmaneEr-Refaly/src/auth/auth.controller.ts","statementMap":{"0":{"start":{"line":1,"column":0},"end":{"line":1,"column":108}},"1":{"start":{"line":3,"column":0},"end":{"line":3,"column":49}},"2":{"start":{"line":4,"column":0},"end":{"line":4,"column":45}},"3":{"start":{"line":5,"column":0},"end":{"line":5,"column":52}},"4":{"start":{"line":6,"column":0},"end":{"line":6,"column":48}},"5":{"start":{"line":7,"column":0},"end":{"line":7,"column":45}},"6":{"start":{"line":10,"column":7},"end":{"line":74,"column":null}},"7":{"start":{"line":11,"column":31},"end":{"line":11,"column":44}},"8":{"start":{"line":16,"column":4},"end":{"line":16,"column":50}},"9":{"start":{"line":24,"column":29},"end":{"line":24,"column":67}},"10":{"start":{"line":27,"column":4},"end":{"line":32,"column":7}},"11":{"start":{"line":35,"column":4},"end":{"line":35,"column":65}},"12":{"start":{"line":42,"column":4},"end":{"line":42,"column":20}},"13":{"start":{"line":61,"column":29},"end":{"line":61,"column":67}},"14":{"start":{"line":63,"column":4},"end":{"line":68,"column":7}},"15":{"start":{"line":72,"column":4},"end":{"line":72,"column":57}},"16":{"start":{"line":10,"column":13},"end":{"line":10,"column":27}},"17":{"start":{"line":14,"column":2},"end":{"line":17,"column":null}},"18":{"start":{"line":22,"column":8},"end":{"line":36,"column":null}},"19":{"start":{"line":40,"column":2},"end":{"line":43,"column":null}},"20":{"start":{"line":50,"column":2},"end":{"line":52,"column":null}},"21":{"start":{"line":57,"column":8},"end":{"line":73,"column":null}},"22":{"start":{"line":10,"column":13},"end":{"line":74,"column":null}}},"fnMap":{"0":{"name":"(anonymous_4)","decl":{"start":{"line":11,"column":2},"end":{"line":11,"column":31}},"loc":{"start":{"line":11,"column":55},"end":{"line":11,"column":59}}},"1":{"name":"(anonymous_5)","decl":{"start":{"line":14,"column":2},"end":{"line":14,"column":10}},"loc":{"start":{"line":14,"column":43},"end":{"line":17,"column":3}}},"2":{"name":"(anonymous_6)","decl":{"start":{"line":22,"column":8},"end":{"line":22,"column":13}},"loc":{"start":{"line":22,"column":76},"end":{"line":36,"column":3}}},"3":{"name":"(anonymous_7)","decl":{"start":{"line":40,"column":2},"end":{"line":40,"column":12}},"loc":{"start":{"line":40,"column":32},"end":{"line":43,"column":3}}},"4":{"name":"(anonymous_8)","decl":{"start":{"line":50,"column":2},"end":{"line":50,"column":14}},"loc":{"start":{"line":50,"column":14},"end":{"line":52,"column":3}}},"5":{"name":"(anonymous_9)","decl":{"start":{"line":57,"column":8},"end":{"line":57,"column":28}},"loc":{"start":{"line":57,"column":91},"end":{"line":73,"column":3}}}},"branchMap":{},"s":{"0":0,"1":0,"2":0,"3":0,"4":0,"5":0,"6":0,"7":0,"8":0,"9":0,"10":0,"11":0,"12":0,"13":0,"14":0,"15":0,"16":0,"17":0,"18":0,"19":0,"20":0,"21":0,"22":0},"f":{"0":0,"1":0,"2":0,"3":0,"4":0,"5":0},"b":{}}
,"/home/souita/Desktop/freelancer-crm-final-project/backend/OthmaneEr-Refaly/src/auth/auth.module.ts": {"path":"/home/souita/Desktop/freelancer-crm-final-project/backend/OthmaneEr-Refaly/src/auth/auth.module.ts","statementMap":{"0":{"start":{"line":1,"column":0},"end":{"line":1,"column":40}},"1":{"start":{"line":2,"column":0},"end":{"line":2,"column":40}},"2":{"start":{"line":3,"column":0},"end":{"line":3,"column":51}},"3":{"start":{"line":4,"column":0},"end":{"line":4,"column":45}},"4":{"start":{"line":5,"column":0},"end":{"line":5,"column":52}},"5":{"start":{"line":6,"column":0},"end":{"line":6,"column":49}},"6":{"start":{"line":7,"column":0},"end":{"line":7,"column":45}},"7":{"start":{"line":8,"column":0},"end":{"line":8,"column":55}},"8":{"start":{"line":21,"column":7},"end":{"line":21,"column":null}},"9":{"start":{"line":21,"column":13},"end":{"line":21,"column":23}},"10":{"start":{"line":21,"column":13},"end":{"line":21,"column":null}}},"fnMap":{},"branchMap":{"0":{"loc":{"start":{"line":14,"column":14},"end":{"line":14,"column":89}},"type":"binary-expr","locations":[{"start":{"line":14,"column":14},"end":{"line":14,"column":36}},{"start":{"line":14,"column":40},"end":{"line":14,"column":89}}]}},"s":{"0":0,"1":0,"2":0,"3":0,"4":0,"5":0,"6":0,"7":0,"8":0,"9":0,"10":0},"f":{},"b":{"0":[0,0]}}
,"/home/souita/Desktop/freelancer-crm-final-project/backend/OthmaneEr-Refaly/src/auth/auth.service.ts": {"path":"/home/souita/Desktop/freelancer-crm-final-project/backend/OthmaneEr-Refaly/src/auth/auth.service.ts","statementMap":{"0":{"start":{"line":1,"column":0},"end":{"line":1,"column":63}},"1":{"start":{"line":2,"column":0},"end":{"line":2,"column":54}},"2":{"start":{"line":4,"column":0},"end":{"line":4,"column":33}},"3":{"start":{"line":5,"column":0},"end":{"line":5,"column":41}},"4":{"start":{"line":9,"column":7},"end":{"line":64,"column":null}},"5":{"start":{"line":12,"column":25},"end":{"line":12,"column":39}},"6":{"start":{"line":13,"column":25},"end":{"line":13,"column":37}},"7":{"start":{"line":18,"column":24},"end":{"line":18,"column":59}},"8":{"start":{"line":19,"column":8},"end":{"line":21,"column":10}},"9":{"start":{"line":25,"column":8},"end":{"line":28,"column":9}},"10":{"start":{"line":27,"column":12},"end":{"line":27,"column":64}},"11":{"start":{"line":30,"column":29},"end":{"line":30,"column":72}},"12":{"start":{"line":32,"column":24},"end":{"line":32,"column":107}},"13":{"start":{"line":34,"column":47},"end":{"line":34,"column":54}},"14":{"start":{"line":34,"column":42},"end":{"line":34,"column":47}},"15":{"start":{"line":35,"column":8},"end":{"line":35,"column":22}},"16":{"start":{"line":39,"column":21},"end":{"line":39,"column":57}},"17":{"start":{"line":40,"column":8},"end":{"line":43,"column":9}},"18":{"start":{"line":41,"column":48},"end":{"line":41,"column":52}},"19":{"start":{"line":41,"column":43},"end":{"line":41,"column":48}},"20":{"start":{"line":42,"column":12},"end":{"line":42,"column":26}},"21":{"start":{"line":44,"column":8},"end":{"line":44,"column":20}},"22":{"start":{"line":48,"column":19},"end":{"line":48,"column":67}},"23":{"start":{"line":50,"column":8},"end":{"line":59,"column":9}},"24":{"start":{"line":53,"column":12},"end":{"line":58,"column":14}},"25":{"start":{"line":61,"column":44},"end":{"line":61,"column":48}},"26":{"start":{"line":61,"column":39},"end":{"line":61,"column":44}},"27":{"start":{"line":62,"column":8},"end":{"line":62,"column":22}},"28":{"start":{"line":9,"column":13},"end":{"line":9,"column":24}},"29":{"start":{"line":9,"column":13},"end":{"line":64,"column":null}}},"fnMap":{"0":{"name":"(anonymous_12)","decl":{"start":{"line":11,"column":4},"end":{"line":11,"column":null}},"loc":{"start":{"line":13,"column":47},"end":{"line":15,"column":6}}},"1":{"name":"(anonymous_13)","decl":{"start":{"line":17,"column":4},"end":{"line":17,"column":9}},"loc":{"start":{"line":17,"column":25},"end":{"line":22,"column":5}}},"2":{"name":"(anonymous_14)","decl":{"start":{"line":24,"column":4},"end":{"line":24,"column":9}},"loc":{"start":{"line":24,"column":43},"end":{"line":36,"column":5}}},"3":{"name":"(anonymous_15)","decl":{"start":{"line":38,"column":4},"end":{"line":38,"column":9}},"loc":{"start":{"line":38,"column":50},"end":{"line":45,"column":5}}},"4":{"name":"(anonymous_16)","decl":{"start":{"line":47,"column":4},"end":{"line":47,"column":9}},"loc":{"start":{"line":47,"column":58},"end":{"line":63,"column":5}}}},"branchMap":{"0":{"loc":{"start":{"line":25,"column":8},"end":{"line":28,"column":9}},"type":"if","locations":[{"start":{"line":25,"column":8},"end":{"line":28,"column":9}},{"start":{},"end":{}}]},"1":{"loc":{"start":{"line":40,"column":8},"end":{"line":43,"column":9}},"type":"if","locations":[{"start":{"line":40,"column":8},"end":{"line":43,"column":9}},{"start":{},"end":{}}]},"2":{"loc":{"start":{"line":40,"column":11},"end":{"line":40,"column":85}},"type":"binary-expr","locations":[{"start":{"line":40,"column":11},"end":{"line":40,"column":15}},{"start":{"line":40,"column":19},"end":{"line":40,"column":36}},{"start":{"line":40,"column":40},"end":{"line":40,"column":85}}]},"3":{"loc":{"start":{"line":50,"column":8},"end":{"line":59,"column":9}},"type":"if","locations":[{"start":{"line":50,"column":8},"end":{"line":59,"column":9}},{"start":{},"end":{}}]}},"s":{"0":0,"1":0,"2":0,"3":0,"4":0,"5":0,"6":0,"7":0,"8":0,"9":0,"10":0,"11":0,"12":0,"13":0,"14":0,"15":0,"16":0,"17":0,"18":0,"19":0,"20":0,"21":0,"22":0,"23":0,"24":0,"25":0,"26":0,"27":0,"28":0,"29":0},"f":{"0":0,"1":0,"2":0,"3":0,"4":0},"b":{"0":[0,0],"1":[0,0],"2":[0,0,0],"3":[0,0]}}
,"/home/souita/Desktop/freelancer-crm-final-project/backend/OthmaneEr-Refaly/src/auth/fortytwo.strategy.ts": {"path":"/home/souita/Desktop/freelancer-crm-final-project/backend/OthmaneEr-Refaly/src/auth/fortytwo.strategy.ts","statementMap":{"0":{"start":{"line":1,"column":0},"end":{"line":1,"column":44}},"1":{"start":{"line":2,"column":0},"end":{"line":2,"column":52}},"2":{"start":{"line":3,"column":0},"end":{"line":3,"column":35}},"3":{"start":{"line":4,"column":0},"end":{"line":4,"column":45}},"4":{"start":{"line":7,"column":7},"end":{"line":31,"column":null}},"5":{"start":{"line":9,"column":4},"end":{"line":14,"column":7}},"6":{"start":{"line":8,"column":22},"end":{"line":8,"column":35}},"7":{"start":{"line":22,"column":37},"end":{"line":22,"column":44}},"8":{"start":{"line":23,"column":18},"end":{"line":23,"column":93}},"9":{"start":{"line":25,"column":4},"end":{"line":29,"column":7}},"10":{"start":{"line":7,"column":13},"end":{"line":7,"column":29}},"11":{"start":{"line":7,"column":13},"end":{"line":31,"column":null}}},"fnMap":{"0":{"name":"(anonymous_3)","decl":{"start":{"line":8,"column":2},"end":{"line":8,"column":22}},"loc":{"start":{"line":8,"column":46},"end":{"line":15,"column":3}}},"1":{"name":"(anonymous_4)","decl":{"start":{"line":17,"column":2},"end":{"line":17,"column":7}},"loc":{"start":{"line":20,"column":16},"end":{"line":30,"column":3}}}},"branchMap":{"0":{"loc":{"start":{"line":10,"column":16},"end":{"line":10,"column":125}},"type":"binary-expr","locations":[{"start":{"line":10,"column":16},"end":{"line":10,"column":46}},{"start":{"line":10,"column":50},"end":{"line":10,"column":125}}]},"1":{"loc":{"start":{"line":11,"column":20},"end":{"line":11,"column":133}},"type":"binary-expr","locations":[{"start":{"line":11,"column":20},"end":{"line":11,"column":54}},{"start":{"line":11,"column":58},"end":{"line":11,"column":133}}]},"2":{"loc":{"start":{"line":23,"column":18},"end":{"line":23,"column":93}},"type":"cond-expr","locations":[{"start":{"line":23,"column":48},"end":{"line":23,"column":63}},{"start":{"line":23,"column":66},"end":{"line":23,"column":93}}]},"3":{"loc":{"start":{"line":23,"column":18},"end":{"line":23,"column":45}},"type":"binary-expr","locations":[{"start":{"line":23,"column":18},"end":{"line":23,"column":24}},{"start":{"line":23,"column":28},"end":{"line":23,"column":45}}]}},"s":{"0":0,"1":0,"2":0,"3":0,"4":0,"5":0,"6":0,"7":0,"8":0,"9":0,"10":0,"11":0},"f":{"0":0,"1":0},"b":{"0":[0,0],"1":[0,0],"2":[0,0],"3":[0,0]}}
,"/home/souita/Desktop/freelancer-crm-final-project/backend/OthmaneEr-Refaly/src/auth/jwt-auth.guard.ts": {"path":"/home/souita/Desktop/freelancer-crm-final-project/backend/OthmaneEr-Refaly/src/auth/jwt-auth.guard.ts","statementMap":{"0":{"start":{"line":1,"column":0},"end":{"line":1,"column":44}},"1":{"start":{"line":2,"column":0},"end":{"line":2,"column":45}},"2":{"start":{"line":5,"column":7},"end":{"line":5,"column":null}},"3":{"start":{"line":5,"column":13},"end":{"line":5,"column":25}},"4":{"start":{"line":5,"column":13},"end":{"line":5,"column":null}}},"fnMap":{},"branchMap":{},"s":{"0":0,"1":0,"2":0,"3":0,"4":0},"f":{},"b":{}}
,"/home/souita/Desktop/freelancer-crm-final-project/backend/OthmaneEr-Refaly/src/auth/jwt.strategy.ts": {"path":"/home/souita/Desktop/freelancer-crm-final-project/backend/OthmaneEr-Refaly/src/auth/jwt.strategy.ts","statementMap":{"0":{"start":{"line":1,"column":0},"end":{"line":1,"column":52}},"1":{"start":{"line":2,"column":0},"end":{"line":2,"column":52}},"2":{"start":{"line":3,"column":0},"end":{"line":3,"column":67}},"3":{"start":{"line":7,"column":7},"end":{"line":31,"column":null}},"4":{"start":{"line":9,"column":4},"end":{"line":23,"column":7}},"5":{"start":{"line":13,"column":21},"end":{"line":13,"column":46}},"6":{"start":{"line":14,"column":10},"end":{"line":16,"column":11}},"7":{"start":{"line":15,"column":12},"end":{"line":15,"column":24}},"8":{"start":{"line":17,"column":10},"end":{"line":17,"column":22}},"9":{"start":{"line":29,"column":4},"end":{"line":29,"column":53}},"10":{"start":{"line":7,"column":13},"end":{"line":7,"column":24}},"11":{"start":{"line":7,"column":13},"end":{"line":31,"column":null}}},"fnMap":{"0":{"name":"(anonymous_2)","decl":{"start":{"line":8,"column":2},"end":{"line":8,"column":null}},"loc":{"start":{"line":8,"column":2},"end":{"line":24,"column":3}}},"1":{"name":"(anonymous_3)","decl":{"start":{"line":12,"column":8},"end":{"line":12,"column":9}},"loc":{"start":{"line":12,"column":29},"end":{"line":18,"column":9}}},"2":{"name":"(anonymous_4)","decl":{"start":{"line":27,"column":2},"end":{"line":27,"column":7}},"loc":{"start":{"line":27,"column":29},"end":{"line":30,"column":3}}}},"branchMap":{"0":{"loc":{"start":{"line":13,"column":21},"end":{"line":13,"column":46}},"type":"cond-expr","locations":[{"start":{"line":13,"column":37},"end":{"line":13,"column":40}},{"start":{"line":13,"column":37},"end":{"line":13,"column":46}}]},"1":{"loc":{"start":{"line":13,"column":21},"end":{"line":13,"column":40}},"type":"binary-expr","locations":[{"start":{"line":13,"column":21},"end":{"line":13,"column":40}},{"start":{"line":13,"column":37},"end":{"line":13,"column":40}}]},"2":{"loc":{"start":{"line":13,"column":21},"end":{"line":13,"column":37}},"type":"cond-expr","locations":[{"start":{"line":13,"column":28},"end":{"line":13,"column":30}},{"start":{"line":13,"column":21},"end":{"line":13,"column":37}}]},"3":{"loc":{"start":{"line":13,"column":21},"end":{"line":13,"column":30}},"type":"binary-expr","locations":[{"start":{"line":13,"column":21},"end":{"line":13,"column":30}},{"start":{"line":13,"column":21},"end":{"line":13,"column":30}}]},"4":{"loc":{"start":{"line":14,"column":10},"end":{"line":16,"column":11}},"type":"if","locations":[{"start":{"line":14,"column":10},"end":{"line":16,"column":11}},{"start":{},"end":{}}]},"5":{"loc":{"start":{"line":22,"column":19},"end":{"line":22,"column":94}},"type":"binary-expr","locations":[{"start":{"line":22,"column":19},"end":{"line":22,"column":41}},{"start":{"line":22,"column":45},"end":{"line":22,"column":94}}]}},"s":{"0":0,"1":0,"2":0,"3":0,"4":0,"5":0,"6":0,"7":0,"8":0,"9":0,"10":0,"11":0},"f":{"0":0,"1":0,"2":0},"b":{"0":[0,0],"1":[0,0],"2":[0,0],"3":[0,0],"4":[0,0],"5":[0,0]}}
,"/home/souita/Desktop/freelancer-crm-final-project/backend/OthmaneEr-Refaly/src/auth/local-auth.guard.ts": {"path":"/home/souita/Desktop/freelancer-crm-final-project/backend/OthmaneEr-Refaly/src/auth/local-auth.guard.ts","statementMap":{"0":{"start":{"line":1,"column":0},"end":{"line":1,"column":44}},"1":{"start":{"line":2,"column":0},"end":{"line":2,"column":45}},"2":{"start":{"line":5,"column":7},"end":{"line":5,"column":null}},"3":{"start":{"line":5,"column":13},"end":{"line":5,"column":27}},"4":{"start":{"line":5,"column":13},"end":{"line":5,"column":null}}},"fnMap":{},"branchMap":{},"s":{"0":0,"1":0,"2":0,"3":0,"4":0},"f":{},"b":{}}
,"/home/souita/Desktop/freelancer-crm-final-project/backend/OthmaneEr-Refaly/src/auth/local.strategy.ts": {"path":"/home/souita/Desktop/freelancer-crm-final-project/backend/OthmaneEr-Refaly/src/auth/local.strategy.ts","statementMap":{"0":{"start":{"line":1,"column":0},"end":{"line":1,"column":42}},"1":{"start":{"line":2,"column":0},"end":{"line":2,"column":52}},"2":{"start":{"line":3,"column":0},"end":{"line":3,"column":67}},"3":{"start":{"line":4,"column":0},"end":{"line":4,"column":45}},"4":{"start":{"line":7,"column":7},"end":{"line":20,"column":null}},"5":{"start":{"line":10,"column":4},"end":{"line":10,"column":38}},"6":{"start":{"line":8,"column":22},"end":{"line":8,"column":35}},"7":{"start":{"line":14,"column":17},"end":{"line":14,"column":65}},"8":{"start":{"line":15,"column":4},"end":{"line":17,"column":5}},"9":{"start":{"line":16,"column":8},"end":{"line":16,"column":63}},"10":{"start":{"line":18,"column":4},"end":{"line":18,"column":16}},"11":{"start":{"line":7,"column":13},"end":{"line":7,"column":26}},"12":{"start":{"line":7,"column":13},"end":{"line":20,"column":null}}},"fnMap":{"0":{"name":"(anonymous_2)","decl":{"start":{"line":8,"column":2},"end":{"line":8,"column":22}},"loc":{"start":{"line":8,"column":46},"end":{"line":11,"column":3}}},"1":{"name":"(anonymous_3)","decl":{"start":{"line":13,"column":2},"end":{"line":13,"column":7}},"loc":{"start":{"line":13,"column":44},"end":{"line":19,"column":1}}}},"branchMap":{"0":{"loc":{"start":{"line":15,"column":4},"end":{"line":17,"column":5}},"type":"if","locations":[{"start":{"line":15,"column":4},"end":{"line":17,"column":5}},{"start":{},"end":{}}]}},"s":{"0":0,"1":0,"2":0,"3":0,"4":0,"5":0,"6":0,"7":0,"8":0,"9":0,"10":0,"11":0,"12":0},"f":{"0":0,"1":0},"b":{"0":[0,0]}}
,"/home/souita/Desktop/freelancer-crm-final-project/backend/OthmaneEr-Refaly/src/auth/DTO/register.dto.ts": {"path":"/home/souita/Desktop/freelancer-crm-final-project/backend/OthmaneEr-Refaly/src/auth/DTO/register.dto.ts","statementMap":{"0":{"start":{"line":1,"column":0},"end":{"line":1,"column":75}},"1":{"start":{"line":6,"column":0},"end":{"line":6,"column":13}},"2":{"start":{"line":9,"column":4},"end":{"line":9,"column":null}},"3":{"start":{"line":13,"column":4},"end":{"line":13,"column":null}},"4":{"start":{"line":17,"column":4},"end":{"line":17,"column":null}}},"fnMap":{},"branchMap":{},"s":{"0":0,"1":0,"2":0,"3":0,"4":0},"f":{},"b":{}}
,"/home/souita/Desktop/freelancer-crm-final-project/backend/OthmaneEr-Refaly/src/customers/customers.controller.ts": {"path":"/home/souita/Desktop/freelancer-crm-final-project/backend/OthmaneEr-Refaly/src/customers/customers.controller.ts","statementMap":{"0":{"start":{"line":2,"column":0},"end":{"line":2,"column":83}},"1":{"start":{"line":3,"column":0},"end":{"line":3,"column":55}},"2":{"start":{"line":4,"column":0},"end":{"line":4,"column":62}},"3":{"start":{"line":5,"column":0},"end":{"line":5,"column":62}},"4":{"start":{"line":8,"column":7},"end":{"line":36,"column":null}},"5":{"start":{"line":10,"column":31},"end":{"line":10,"column":49}},"6":{"start":{"line":14,"column":4},"end":{"line":14,"column":59}},"7":{"start":{"line":19,"column":4},"end":{"line":19,"column":43}},"8":{"start":{"line":24,"column":4},"end":{"line":24,"column":46}},"9":{"start":{"line":29,"column":4},"end":{"line":29,"column":64}},"10":{"start":{"line":34,"column":4},"end":{"line":34,"column":45}},"11":{"start":{"line":8,"column":13},"end":{"line":8,"column":32}},"12":{"start":{"line":13,"column":2},"end":{"line":15,"column":null}},"13":{"start":{"line":18,"column":2},"end":{"line":20,"column":null}},"14":{"start":{"line":23,"column":2},"end":{"line":25,"column":null}},"15":{"start":{"line":28,"column":2},"end":{"line":30,"column":null}},"16":{"start":{"line":33,"column":2},"end":{"line":35,"column":null}},"17":{"start":{"line":8,"column":13},"end":{"line":36,"column":null}}},"fnMap":{"0":{"name":"(anonymous_4)","decl":{"start":{"line":10,"column":2},"end":{"line":10,"column":31}},"loc":{"start":{"line":10,"column":65},"end":{"line":10,"column":69}}},"1":{"name":"(anonymous_5)","decl":{"start":{"line":13,"column":2},"end":{"line":13,"column":8}},"loc":{"start":{"line":13,"column":53},"end":{"line":15,"column":3}}},"2":{"name":"(anonymous_6)","decl":{"start":{"line":18,"column":2},"end":{"line":18,"column":9}},"loc":{"start":{"line":18,"column":9},"end":{"line":20,"column":3}}},"3":{"name":"(anonymous_7)","decl":{"start":{"line":23,"column":2},"end":{"line":23,"column":9}},"loc":{"start":{"line":23,"column":33},"end":{"line":25,"column":3}}},"4":{"name":"(anonymous_8)","decl":{"start":{"line":28,"column":2},"end":{"line":28,"column":8}},"loc":{"start":{"line":28,"column":78},"end":{"line":30,"column":3}}},"5":{"name":"(anonymous_9)","decl":{"start":{"line":33,"column":2},"end":{"line":33,"column":8}},"loc":{"start":{"line":33,"column":32},"end":{"line":35,"column":3}}}},"branchMap":{},"s":{"0":1,"1":1,"2":1,"3":1,"4":1,"5":1,"6":0,"7":0,"8":0,"9":0,"10":0,"11":1,"12":1,"13":1,"14":1,"15":1,"16":1,"17":1},"f":{"0":1,"1":0,"2":0,"3":0,"4":0,"5":0},"b":{}}
,"/home/souita/Desktop/freelancer-crm-final-project/backend/OthmaneEr-Refaly/src/customers/customers.module.ts": {"path":"/home/souita/Desktop/freelancer-crm-final-project/backend/OthmaneEr-Refaly/src/customers/customers.module.ts","statementMap":{"0":{"start":{"line":1,"column":0},"end":{"line":1,"column":40}},"1":{"start":{"line":2,"column":0},"end":{"line":2,"column":55}},"2":{"start":{"line":3,"column":0},"end":{"line":3,"column":61}},"3":{"start":{"line":9,"column":7},"end":{"line":9,"column":null}},"4":{"start":{"line":9,"column":13},"end":{"line":9,"column":28}},"5":{"start":{"line":9,"column":13},"end":{"line":9,"column":null}}},"fnMap":{},"branchMap":{},"s":{"0":0,"1":0,"2":0,"3":0,"4":0,"5":0},"f":{},"b":{}}
,"/home/souita/Desktop/freelancer-crm-final-project/backend/OthmaneEr-Refaly/src/customers/customers.service.ts": {"path":"/home/souita/Desktop/freelancer-crm-final-project/backend/OthmaneEr-Refaly/src/customers/customers.service.ts","statementMap":{"0":{"start":{"line":1,"column":0},"end":{"line":1,"column":63}},"1":{"start":{"line":17,"column":7},"end":{"line":81,"column":null}},"2":{"start":{"line":18,"column":10},"end":{"line":18,"column":37}},"3":{"start":{"line":19,"column":10},"end":{"line":19,"column":21}},"4":{"start":{"line":23,"column":34},"end":{"line":33,"column":6}},"5":{"start":{"line":35,"column":4},"end":{"line":35,"column":37}},"6":{"start":{"line":36,"column":4},"end":{"line":36,"column":23}},"7":{"start":{"line":41,"column":4},"end":{"line":41,"column":26}},"8":{"start":{"line":46,"column":21},"end":{"line":46,"column":58}},"9":{"start":{"line":46,"column":46},"end":{"line":46,"column":57}},"10":{"start":{"line":47,"column":4},"end":{"line":49,"column":5}},"11":{"start":{"line":48,"column":6},"end":{"line":48,"column":70}},"12":{"start":{"line":50,"column":4},"end":{"line":50,"column":20}},"13":{"start":{"line":55,"column":26},"end":{"line":55,"column":68}},"14":{"start":{"line":55,"column":56},"end":{"line":55,"column":67}},"15":{"start":{"line":57,"column":4},"end":{"line":59,"column":5}},"16":{"start":{"line":58,"column":6},"end":{"line":58,"column":70}},"17":{"start":{"line":62,"column":4},"end":{"line":65,"column":6}},"18":{"start":{"line":67,"column":4},"end":{"line":67,"column":41}},"19":{"start":{"line":72,"column":26},"end":{"line":72,"column":68}},"20":{"start":{"line":72,"column":56},"end":{"line":72,"column":67}},"21":{"start":{"line":74,"column":4},"end":{"line":76,"column":5}},"22":{"start":{"line":75,"column":6},"end":{"line":75,"column":70}},"23":{"start":{"line":78,"column":30},"end":{"line":78,"column":69}},"24":{"start":{"line":79,"column":4},"end":{"line":79,"column":27}},"25":{"start":{"line":17,"column":13},"end":{"line":17,"column":29}},"26":{"start":{"line":17,"column":13},"end":{"line":81,"column":null}}},"fnMap":{"0":{"name":"(anonymous_1)","decl":{"start":{"line":17,"column":7},"end":{"line":17,"column":13}},"loc":{"start":{"line":17,"column":7},"end":{"line":81,"column":1}}},"1":{"name":"(anonymous_2)","decl":{"start":{"line":22,"column":2},"end":{"line":22,"column":8}},"loc":{"start":{"line":22,"column":51},"end":{"line":37,"column":3}}},"2":{"name":"(anonymous_3)","decl":{"start":{"line":40,"column":2},"end":{"line":40,"column":9}},"loc":{"start":{"line":40,"column":9},"end":{"line":42,"column":3}}},"3":{"name":"(anonymous_4)","decl":{"start":{"line":45,"column":2},"end":{"line":45,"column":9}},"loc":{"start":{"line":45,"column":20},"end":{"line":51,"column":3}}},"4":{"name":"(anonymous_5)","decl":{"start":{"line":46,"column":41},"end":{"line":46,"column":42}},"loc":{"start":{"line":46,"column":46},"end":{"line":46,"column":57}}},"5":{"name":"(anonymous_6)","decl":{"start":{"line":54,"column":2},"end":{"line":54,"column":8}},"loc":{"start":{"line":54,"column":63},"end":{"line":68,"column":3}}},"6":{"name":"(anonymous_7)","decl":{"start":{"line":55,"column":51},"end":{"line":55,"column":52}},"loc":{"start":{"line":55,"column":56},"end":{"line":55,"column":67}}},"7":{"name":"(anonymous_8)","decl":{"start":{"line":71,"column":2},"end":{"line":71,"column":8}},"loc":{"start":{"line":71,"column":19},"end":{"line":80,"column":3}}},"8":{"name":"(anonymous_9)","decl":{"start":{"line":72,"column":51},"end":{"line":72,"column":52}},"loc":{"start":{"line":72,"column":56},"end":{"line":72,"column":67}}}},"branchMap":{"0":{"loc":{"start":{"line":26,"column":14},"end":{"line":26,"column":83}},"type":"cond-expr","locations":[{"start":{"line":26,"column":55},"end":{"line":26,"column":79}},{"start":{"line":26,"column":82},"end":{"line":26,"column":83}}]},"1":{"loc":{"start":{"line":27,"column":12},"end":{"line":27,"column":40}},"type":"binary-expr","locations":[{"start":{"line":27,"column":12},"end":{"line":27,"column":34}},{"start":{"line":27,"column":38},"end":{"line":27,"column":40}}]},"2":{"loc":{"start":{"line":28,"column":13},"end":{"line":28,"column":42}},"type":"binary-expr","locations":[{"start":{"line":28,"column":13},"end":{"line":28,"column":36}},{"start":{"line":28,"column":40},"end":{"line":28,"column":42}}]},"3":{"loc":{"start":{"line":29,"column":13},"end":{"line":29,"column":42}},"type":"binary-expr","locations":[{"start":{"line":29,"column":13},"end":{"line":29,"column":36}},{"start":{"line":29,"column":40},"end":{"line":29,"column":42}}]},"4":{"loc":{"start":{"line":30,"column":15},"end":{"line":30,"column":46}},"type":"binary-expr","locations":[{"start":{"line":30,"column":15},"end":{"line":30,"column":40}},{"start":{"line":30,"column":44},"end":{"line":30,"column":46}}]},"5":{"loc":{"start":{"line":31,"column":15},"end":{"line":31,"column":46}},"type":"binary-expr","locations":[{"start":{"line":31,"column":15},"end":{"line":31,"column":40}},{"start":{"line":31,"column":44},"end":{"line":31,"column":46}}]},"6":{"loc":{"start":{"line":32,"column":14},"end":{"line":32,"column":50}},"type":"binary-expr","locations":[{"start":{"line":32,"column":14},"end":{"line":32,"column":38}},{"start":{"line":32,"column":42},"end":{"line":32,"column":50}}]},"7":{"loc":{"start":{"line":47,"column":4},"end":{"line":49,"column":5}},"type":"if","locations":[{"start":{"line":47,"column":4},"end":{"line":49,"column":5}},{"start":{},"end":{}}]},"8":{"loc":{"start":{"line":57,"column":4},"end":{"line":59,"column":5}},"type":"if","locations":[{"start":{"line":57,"column":4},"end":{"line":59,"column":5}},{"start":{},"end":{}}]},"9":{"loc":{"start":{"line":74,"column":4},"end":{"line":76,"column":5}},"type":"if","locations":[{"start":{"line":74,"column":4},"end":{"line":76,"column":5}},{"start":{},"end":{}}]}},"s":{"0":2,"1":2,"2":7,"3":7,"4":5,"5":5,"6":5,"7":3,"8":3,"9":1,"10":3,"11":2,"12":1,"13":0,"14":0,"15":0,"16":0,"17":0,"18":0,"19":1,"20":1,"21":1,"22":0,"23":1,"24":1,"25":2,"26":2},"f":{"0":7,"1":5,"2":3,"3":3,"4":1,"5":0,"6":0,"7":1,"8":1},"b":{"0":[0,5],"1":[5,0],"2":[5,0],"3":[5,5],"4":[5,4],"5":[5,5],"6":[5,5],"7":[2,1],"8":[0,0],"9":[0,1]}}
,"/home/souita/Desktop/freelancer-crm-final-project/backend/OthmaneEr-Refaly/src/customers/dto/create-customer.dto.ts": {"path":"/home/souita/Desktop/freelancer-crm-final-project/backend/OthmaneEr-Refaly/src/customers/dto/create-customer.dto.ts","statementMap":{"0":{"start":{"line":1,"column":0},"end":{"line":1,"column":13}}},"fnMap":{},"branchMap":{},"s":{"0":1},"f":{},"b":{}}
,"/home/souita/Desktop/freelancer-crm-final-project/backend/OthmaneEr-Refaly/src/customers/dto/update-customer.dto.ts": {"path":"/home/souita/Desktop/freelancer-crm-final-project/backend/OthmaneEr-Refaly/src/customers/dto/update-customer.dto.ts","statementMap":{"0":{"start":{"line":1,"column":0},"end":{"line":1,"column":51}},"1":{"start":{"line":2,"column":0},"end":{"line":2,"column":58}},"2":{"start":{"line":4,"column":0},"end":{"line":4,"column":13}}},"fnMap":{},"branchMap":{},"s":{"0":1,"1":1,"2":1},"f":{},"b":{}}
,"/home/souita/Desktop/freelancer-crm-final-project/backend/OthmaneEr-Refaly/src/customers/entities/customer.entity.ts": {"path":"/home/souita/Desktop/freelancer-crm-final-project/backend/OthmaneEr-Refaly/src/customers/entities/customer.entity.ts","statementMap":{"0":{"start":{"line":1,"column":0},"end":{"line":1,"column":13}}},"fnMap":{},"branchMap":{},"s":{"0":0},"f":{},"b":{}}
,"/home/souita/Desktop/freelancer-crm-final-project/backend/OthmaneEr-Refaly/src/gamification/gamification.module.ts": {"path":"/home/souita/Desktop/freelancer-crm-final-project/backend/OthmaneEr-Refaly/src/gamification/gamification.module.ts","statementMap":{"0":{"start":{"line":1,"column":0},"end":{"line":1,"column":40}},"1":{"start":{"line":2,"column":0},"end":{"line":2,"column":61}},"2":{"start":{"line":3,"column":0},"end":{"line":3,"column":52}},"3":{"start":{"line":10,"column":7},"end":{"line":10,"column":null}},"4":{"start":{"line":10,"column":13},"end":{"line":10,"column":31}},"5":{"start":{"line":10,"column":13},"end":{"line":10,"column":null}}},"fnMap":{},"branchMap":{},"s":{"0":0,"1":0,"2":0,"3":0,"4":0,"5":0},"f":{},"b":{}}
,"/home/souita/Desktop/freelancer-crm-final-project/backend/OthmaneEr-Refaly/src/gamification/gamification.service.ts": {"path":"/home/souita/Desktop/freelancer-crm-final-project/backend/OthmaneEr-Refaly/src/gamification/gamification.service.ts","statementMap":{"0":{"start":{"line":1,"column":0},"end":{"line":1,"column":52}},"1":{"start":{"line":2,"column":0},"end":{"line":2,"column":54}},"2":{"start":{"line":5,"column":32},"end":{"line":71,"column":null}},"3":{"start":{"line":8,"column":31},"end":{"line":8,"column":45}},"4":{"start":{"line":6,"column":19},"end":{"line":6,"column":65}},"5":{"start":{"line":13,"column":23},"end":{"line":13,"column":61}},"6":{"start":{"line":13,"column":42},"end":{"line":13,"column":61}},"7":{"start":{"line":15,"column":16},"end":{"line":15,"column":17}},"8":{"start":{"line":16,"column":4},"end":{"line":18,"column":5}},"9":{"start":{"line":17,"column":6},"end":{"line":17,"column":14}},"10":{"start":{"line":20,"column":4},"end":{"line":20,"column":17}},"11":{"start":{"line":24,"column":19},"end":{"line":24,"column":22}},"12":{"start":{"line":26,"column":21},"end":{"line":26,"column":24}},"13":{"start":{"line":27,"column":4},"end":{"line":40,"column":5}},"14":{"start":{"line":29,"column":8},"end":{"line":29,"column":25}},"15":{"start":{"line":30,"column":8},"end":{"line":30,"column":14}},"16":{"start":{"line":32,"column":8},"end":{"line":32,"column":25}},"17":{"start":{"line":33,"column":8},"end":{"line":33,"column":14}},"18":{"start":{"line":35,"column":8},"end":{"line":35,"column":25}},"19":{"start":{"line":36,"column":8},"end":{"line":36,"column":14}},"20":{"start":{"line":38,"column":8},"end":{"line":38,"column":25}},"21":{"start":{"line":39,"column":8},"end":{"line":39,"column":14}},"22":{"start":{"line":42,"column":24},"end":{"line":42,"column":48}},"23":{"start":{"line":43,"column":22},"end":{"line":43,"column":67}},"24":{"start":{"line":45,"column":17},"end":{"line":45,"column":50}},"25":{"start":{"line":47,"column":26},"end":{"line":47,"column":36}},"26":{"start":{"line":48,"column":23},"end":{"line":48,"column":42}},"27":{"start":{"line":51,"column":21},"end":{"line":51,"column":52}},"28":{"start":{"line":52,"column":22},"end":{"line":52,"column":46}},"29":{"start":{"line":54,"column":4},"end":{"line":56,"column":5}},"30":{"start":{"line":55,"column":6},"end":{"line":55,"column":76}},"31":{"start":{"line":58,"column":4},"end":{"line":61,"column":7}},"32":{"start":{"line":63,"column":4},"end":{"line":69,"column":6}},"33":{"start":{"line":5,"column":13},"end":{"line":5,"column":32}},"34":{"start":{"line":5,"column":13},"end":{"line":71,"column":null}}},"fnMap":{"0":{"name":"(anonymous_2)","decl":{"start":{"line":8,"column":2},"end":{"line":8,"column":31}},"loc":{"start":{"line":8,"column":57},"end":{"line":8,"column":61}}},"1":{"name":"(anonymous_3)","decl":{"start":{"line":12,"column":10},"end":{"line":12,"column":24}},"loc":{"start":{"line":12,"column":40},"end":{"line":21,"column":3}}},"2":{"name":"(anonymous_4)","decl":{"start":{"line":13,"column":23},"end":{"line":13,"column":24}},"loc":{"start":{"line":13,"column":42},"end":{"line":13,"column":61}}},"3":{"name":"(anonymous_5)","decl":{"start":{"line":23,"column":2},"end":{"line":23,"column":26}},"loc":{"start":{"line":23,"column":75},"end":{"line":70,"column":3}}}},"branchMap":{"0":{"loc":{"start":{"line":27,"column":4},"end":{"line":40,"column":5}},"type":"switch","locations":[{"start":{"line":28,"column":6},"end":{"line":30,"column":14}},{"start":{"line":31,"column":6},"end":{"line":33,"column":14}},{"start":{"line":34,"column":6},"end":{"line":36,"column":14}},{"start":{"line":37,"column":6},"end":{"line":39,"column":14}}]},"1":{"loc":{"start":{"line":54,"column":4},"end":{"line":56,"column":5}},"type":"if","locations":[{"start":{"line":54,"column":4},"end":{"line":56,"column":5}},{"start":{},"end":{}}]}},"s":{"0":3,"1":3,"2":3,"3":4,"4":4,"5":3,"6":8,"7":3,"8":3,"9":5,"10":3,"11":3,"12":3,"13":3,"14":1,"15":1,"16":1,"17":1,"18":0,"19":0,"20":1,"21":1,"22":3,"23":3,"24":3,"25":3,"26":3,"27":3,"28":3,"29":3,"30":2,"31":3,"32":3,"33":3,"34":3},"f":{"0":4,"1":3,"2":8,"3":3},"b":{"0":[1,1,0,1],"1":[2,1]}}
,"/home/souita/Desktop/freelancer-crm-final-project/backend/OthmaneEr-Refaly/src/projects/projects.controller.ts": {"path":"/home/souita/Desktop/freelancer-crm-final-project/backend/OthmaneEr-Refaly/src/projects/projects.controller.ts","statementMap":{"0":{"start":{"line":1,"column":0},"end":{"line":1,"column":83}},"1":{"start":{"line":2,"column":0},"end":{"line":2,"column":53}},"2":{"start":{"line":3,"column":0},"end":{"line":3,"column":60}},"3":{"start":{"line":4,"column":0},"end":{"line":4,"column":60}},"4":{"start":{"line":7,"column":7},"end":{"line":34,"column":null}},"5":{"start":{"line":8,"column":31},"end":{"line":8,"column":48}},"6":{"start":{"line":12,"column":4},"end":{"line":12,"column":57}},"7":{"start":{"line":17,"column":4},"end":{"line":17,"column":42}},"8":{"start":{"line":22,"column":4},"end":{"line":22,"column":45}},"9":{"start":{"line":27,"column":4},"end":{"line":27,"column":62}},"10":{"start":{"line":32,"column":4},"end":{"line":32,"column":44}},"11":{"start":{"line":7,"column":13},"end":{"line":7,"column":31}},"12":{"start":{"line":11,"column":2},"end":{"line":13,"column":null}},"13":{"start":{"line":16,"column":2},"end":{"line":18,"column":null}},"14":{"start":{"line":21,"column":2},"end":{"line":23,"column":null}},"15":{"start":{"line":26,"column":2},"end":{"line":28,"column":null}},"16":{"start":{"line":31,"column":2},"end":{"line":33,"column":null}},"17":{"start":{"line":7,"column":13},"end":{"line":34,"column":null}}},"fnMap":{"0":{"name":"(anonymous_4)","decl":{"start":{"line":8,"column":2},"end":{"line":8,"column":31}},"loc":{"start":{"line":8,"column":63},"end":{"line":8,"column":67}}},"1":{"name":"(anonymous_5)","decl":{"start":{"line":11,"column":2},"end":{"line":11,"column":8}},"loc":{"start":{"line":11,"column":51},"end":{"line":13,"column":3}}},"2":{"name":"(anonymous_6)","decl":{"start":{"line":16,"column":2},"end":{"line":16,"column":9}},"loc":{"start":{"line":16,"column":9},"end":{"line":18,"column":3}}},"3":{"name":"(anonymous_7)","decl":{"start":{"line":21,"column":2},"end":{"line":21,"column":9}},"loc":{"start":{"line":21,"column":33},"end":{"line":23,"column":3}}},"4":{"name":"(anonymous_8)","decl":{"start":{"line":26,"column":2},"end":{"line":26,"column":8}},"loc":{"start":{"line":26,"column":76},"end":{"line":28,"column":3}}},"5":{"name":"(anonymous_9)","decl":{"start":{"line":31,"column":2},"end":{"line":31,"column":8}},"loc":{"start":{"line":31,"column":32},"end":{"line":33,"column":3}}}},"branchMap":{},"s":{"0":2,"1":2,"2":2,"3":2,"4":2,"5":1,"6":0,"7":0,"8":0,"9":0,"10":0,"11":2,"12":2,"13":2,"14":2,"15":2,"16":2,"17":2},"f":{"0":1,"1":0,"2":0,"3":0,"4":0,"5":0},"b":{}}
,"/home/souita/Desktop/freelancer-crm-final-project/backend/OthmaneEr-Refaly/src/projects/projects.module.ts": {"path":"/home/souita/Desktop/freelancer-crm-final-project/backend/OthmaneEr-Refaly/src/projects/projects.module.ts","statementMap":{"0":{"start":{"line":1,"column":0},"end":{"line":1,"column":40}},"1":{"start":{"line":2,"column":0},"end":{"line":2,"column":53}},"2":{"start":{"line":3,"column":0},"end":{"line":3,"column":59}},"3":{"start":{"line":4,"column":0},"end":{"line":4,"column":73}},"4":{"start":{"line":11,"column":7},"end":{"line":11,"column":null}},"5":{"start":{"line":11,"column":13},"end":{"line":11,"column":27}},"6":{"start":{"line":11,"column":13},"end":{"line":11,"column":null}}},"fnMap":{},"branchMap":{},"s":{"0":0,"1":0,"2":0,"3":0,"4":0,"5":0,"6":0},"f":{},"b":{}}
,"/home/souita/Desktop/freelancer-crm-final-project/backend/OthmaneEr-Refaly/src/projects/projects.service.ts": {"path":"/home/souita/Desktop/freelancer-crm-final-project/backend/OthmaneEr-Refaly/src/projects/projects.service.ts","statementMap":{"0":{"start":{"line":1,"column":0},"end":{"line":1,"column":63}},"1":{"start":{"line":6,"column":0},"end":{"line":6,"column":75}},"2":{"start":{"line":21,"column":7},"end":{"line":100,"column":null}},"3":{"start":{"line":26,"column":31},"end":{"line":26,"column":52}},"4":{"start":{"line":22,"column":10},"end":{"line":22,"column":35}},"5":{"start":{"line":23,"column":10},"end":{"line":23,"column":21}},"6":{"start":{"line":29,"column":32},"end":{"line":39,"column":6}},"7":{"start":{"line":41,"column":4},"end":{"line":41,"column":35}},"8":{"start":{"line":42,"column":4},"end":{"line":42,"column":22}},"9":{"start":{"line":46,"column":4},"end":{"line":46,"column":25}},"10":{"start":{"line":50,"column":20},"end":{"line":50,"column":58}},"11":{"start":{"line":50,"column":46},"end":{"line":50,"column":57}},"12":{"start":{"line":51,"column":4},"end":{"line":53,"column":5}},"13":{"start":{"line":52,"column":6},"end":{"line":52,"column":69}},"14":{"start":{"line":54,"column":4},"end":{"line":54,"column":19}},"15":{"start":{"line":58,"column":25},"end":{"line":58,"column":68}},"16":{"start":{"line":58,"column":56},"end":{"line":58,"column":67}},"17":{"start":{"line":60,"column":4},"end":{"line":62,"column":5}},"18":{"start":{"line":61,"column":6},"end":{"line":61,"column":69}},"19":{"start":{"line":65,"column":22},"end":{"line":65,"column":56}},"20":{"start":{"line":68,"column":4},"end":{"line":71,"column":6}},"21":{"start":{"line":74,"column":22},"end":{"line":74,"column":56}},"22":{"start":{"line":77,"column":4},"end":{"line":85,"column":5}},"23":{"start":{"line":78,"column":22},"end":{"line":78,"column":49}},"24":{"start":{"line":80,"column":6},"end":{"line":84,"column":8}},"25":{"start":{"line":87,"column":4},"end":{"line":87,"column":39}},"26":{"start":{"line":91,"column":25},"end":{"line":91,"column":68}},"27":{"start":{"line":91,"column":56},"end":{"line":91,"column":67}},"28":{"start":{"line":93,"column":4},"end":{"line":95,"column":5}},"29":{"start":{"line":94,"column":6},"end":{"line":94,"column":69}},"30":{"start":{"line":97,"column":29},"end":{"line":97,"column":66}},"31":{"start":{"line":98,"column":4},"end":{"line":98,"column":26}},"32":{"start":{"line":21,"column":13},"end":{"line":21,"column":28}},"33":{"start":{"line":21,"column":13},"end":{"line":100,"column":null}}},"fnMap":{"0":{"name":"(anonymous_2)","decl":{"start":{"line":26,"column":2},"end":{"line":26,"column":31}},"loc":{"start":{"line":26,"column":71},"end":{"line":26,"column":75}}},"1":{"name":"(anonymous_3)","decl":{"start":{"line":28,"column":2},"end":{"line":28,"column":8}},"loc":{"start":{"line":28,"column":49},"end":{"line":43,"column":3}}},"2":{"name":"(anonymous_4)","decl":{"start":{"line":45,"column":2},"end":{"line":45,"column":9}},"loc":{"start":{"line":45,"column":9},"end":{"line":47,"column":3}}},"3":{"name":"(anonymous_5)","decl":{"start":{"line":49,"column":2},"end":{"line":49,"column":9}},"loc":{"start":{"line":49,"column":20},"end":{"line":55,"column":3}}},"4":{"name":"(anonymous_6)","decl":{"start":{"line":50,"column":39},"end":{"line":50,"column":40}},"loc":{"start":{"line":50,"column":46},"end":{"line":50,"column":57}}},"5":{"name":"(anonymous_7)","decl":{"start":{"line":57,"column":2},"end":{"line":57,"column":8}},"loc":{"start":{"line":57,"column":61},"end":{"line":88,"column":3}}},"6":{"name":"(anonymous_8)","decl":{"start":{"line":58,"column":49},"end":{"line":58,"column":50}},"loc":{"start":{"line":58,"column":56},"end":{"line":58,"column":67}}},"7":{"name":"(anonymous_9)","decl":{"start":{"line":90,"column":2},"end":{"line":90,"column":8}},"loc":{"start":{"line":90,"column":19},"end":{"line":99,"column":3}}},"8":{"name":"(anonymous_10)","decl":{"start":{"line":91,"column":49},"end":{"line":91,"column":50}},"loc":{"start":{"line":91,"column":56},"end":{"line":91,"column":67}}}},"branchMap":{"0":{"loc":{"start":{"line":31,"column":14},"end":{"line":31,"column":81}},"type":"cond-expr","locations":[{"start":{"line":31,"column":54},"end":{"line":31,"column":77}},{"start":{"line":31,"column":80},"end":{"line":31,"column":81}}]},"1":{"loc":{"start":{"line":32,"column":16},"end":{"line":32,"column":87}},"type":"cond-expr","locations":[{"start":{"line":32,"column":58},"end":{"line":32,"column":83}},{"start":{"line":32,"column":86},"end":{"line":32,"column":87}}]},"2":{"loc":{"start":{"line":33,"column":13},"end":{"line":33,"column":41}},"type":"binary-expr","locations":[{"start":{"line":33,"column":13},"end":{"line":33,"column":35}},{"start":{"line":33,"column":39},"end":{"line":33,"column":41}}]},"3":{"loc":{"start":{"line":34,"column":19},"end":{"line":34,"column":53}},"type":"binary-expr","locations":[{"start":{"line":34,"column":19},"end":{"line":34,"column":47}},{"start":{"line":34,"column":51},"end":{"line":34,"column":53}}]},"4":{"loc":{"start":{"line":35,"column":14},"end":{"line":35,"column":50}},"type":"binary-expr","locations":[{"start":{"line":35,"column":14},"end":{"line":35,"column":37}},{"start":{"line":35,"column":41},"end":{"line":35,"column":50}}]},"5":{"loc":{"start":{"line":36,"column":16},"end":{"line":36,"column":47}},"type":"binary-expr","locations":[{"start":{"line":36,"column":16},"end":{"line":36,"column":41}},{"start":{"line":36,"column":45},"end":{"line":36,"column":47}}]},"6":{"loc":{"start":{"line":37,"column":14},"end":{"line":37,"column":81}},"type":"cond-expr","locations":[{"start":{"line":37,"column":54},"end":{"line":37,"column":77}},{"start":{"line":37,"column":80},"end":{"line":37,"column":81}}]},"7":{"loc":{"start":{"line":38,"column":16},"end":{"line":38,"column":53}},"type":"binary-expr","locations":[{"start":{"line":38,"column":16},"end":{"line":38,"column":41}},{"start":{"line":38,"column":45},"end":{"line":38,"column":53}}]},"8":{"loc":{"start":{"line":51,"column":4},"end":{"line":53,"column":5}},"type":"if","locations":[{"start":{"line":51,"column":4},"end":{"line":53,"column":5}},{"start":{},"end":{}}]},"9":{"loc":{"start":{"line":60,"column":4},"end":{"line":62,"column":5}},"type":"if","locations":[{"start":{"line":60,"column":4},"end":{"line":62,"column":5}},{"start":{},"end":{}}]},"10":{"loc":{"start":{"line":77,"column":4},"end":{"line":85,"column":5}},"type":"if","locations":[{"start":{"line":77,"column":4},"end":{"line":85,"column":5}},{"start":{},"end":{}}]},"11":{"loc":{"start":{"line":77,"column":8},"end":{"line":77,"column":62}},"type":"binary-expr","locations":[{"start":{"line":77,"column":8},"end":{"line":77,"column":33}},{"start":{"line":77,"column":37},"end":{"line":77,"column":62}}]},"12":{"loc":{"start":{"line":93,"column":4},"end":{"line":95,"column":5}},"type":"if","locations":[{"start":{"line":93,"column":4},"end":{"line":95,"column":5}},{"start":{},"end":{}}]}},"s":{"0":2,"1":2,"2":2,"3":1,"4":1,"5":1,"6":0,"7":0,"8":0,"9":0,"10":0,"11":0,"12":0,"13":0,"14":0,"15":0,"16":0,"17":0,"18":0,"19":0,"20":0,"21":0,"22":0,"23":0,"24":0,"25":0,"26":0,"27":0,"28":0,"29":0,"30":0,"31":0,"32":2,"33":2},"f":{"0":1,"1":0,"2":0,"3":0,"4":0,"5":0,"6":0,"7":0,"8":0},"b":{"0":[0,0],"1":[0,0],"2":[0,0],"3":[0,0],"4":[0,0],"5":[0,0],"6":[0,0],"7":[0,0],"8":[0,0],"9":[0,0],"10":[0,0],"11":[0,0],"12":[0,0]}}
,"/home/souita/Desktop/freelancer-crm-final-project/backend/OthmaneEr-Refaly/src/projects/dto/create-project.dto.ts": {"path":"/home/souita/Desktop/freelancer-crm-final-project/backend/OthmaneEr-Refaly/src/projects/dto/create-project.dto.ts","statementMap":{"0":{"start":{"line":1,"column":0},"end":{"line":1,"column":13}}},"fnMap":{},"branchMap":{},"s":{"0":2},"f":{},"b":{}}
,"/home/souita/Desktop/freelancer-crm-final-project/backend/OthmaneEr-Refaly/src/projects/dto/update-project.dto.ts": {"path":"/home/souita/Desktop/freelancer-crm-final-project/backend/OthmaneEr-Refaly/src/projects/dto/update-project.dto.ts","statementMap":{"0":{"start":{"line":1,"column":0},"end":{"line":1,"column":51}},"1":{"start":{"line":2,"column":0},"end":{"line":2,"column":56}},"2":{"start":{"line":4,"column":0},"end":{"line":4,"column":13}}},"fnMap":{},"branchMap":{},"s":{"0":2,"1":2,"2":2},"f":{},"b":{}}
,"/home/souita/Desktop/freelancer-crm-final-project/backend/OthmaneEr-Refaly/src/projects/entities/project.entity.ts": {"path":"/home/souita/Desktop/freelancer-crm-final-project/backend/OthmaneEr-Refaly/src/projects/entities/project.entity.ts","statementMap":{"0":{"start":{"line":1,"column":0},"end":{"line":1,"column":13}}},"fnMap":{},"branchMap":{},"s":{"0":0},"f":{},"b":{}}
,"/home/souita/Desktop/freelancer-crm-final-project/backend/OthmaneEr-Refaly/src/users/user.entity.ts": {"path":"/home/souita/Desktop/freelancer-crm-final-project/backend/OthmaneEr-Refaly/src/users/user.entity.ts","statementMap":{"0":{"start":{"line":1,"column":0},"end":{"line":1,"column":13}}},"fnMap":{},"branchMap":{},"s":{"0":0},"f":{},"b":{}}
,"/home/souita/Desktop/freelancer-crm-final-project/backend/OthmaneEr-Refaly/src/users/users.module.ts": {"path":"/home/souita/Desktop/freelancer-crm-final-project/backend/OthmaneEr-Refaly/src/users/users.module.ts","statementMap":{"0":{"start":{"line":2,"column":0},"end":{"line":2,"column":40}},"1":{"start":{"line":3,"column":0},"end":{"line":3,"column":47}},"2":{"start":{"line":9,"column":7},"end":{"line":9,"column":null}},"3":{"start":{"line":9,"column":13},"end":{"line":9,"column":24}},"4":{"start":{"line":9,"column":13},"end":{"line":9,"column":null}}},"fnMap":{},"branchMap":{},"s":{"0":0,"1":0,"2":0,"3":0,"4":0},"f":{},"b":{}}
,"/home/souita/Desktop/freelancer-crm-final-project/backend/OthmaneEr-Refaly/src/users/users.service.ts": {"path":"/home/souita/Desktop/freelancer-crm-final-project/backend/OthmaneEr-Refaly/src/users/users.service.ts","statementMap":{"0":{"start":{"line":1,"column":0},"end":{"line":1,"column":44}},"1":{"start":{"line":5,"column":7},"end":{"line":50,"column":null}},"2":{"start":{"line":6,"column":12},"end":{"line":6,"column":34}},"3":{"start":{"line":9,"column":8},"end":{"line":9,"column":64}},"4":{"start":{"line":9,"column":42},"end":{"line":9,"column":62}},"5":{"start":{"line":14,"column":8},"end":{"line":14,"column":68}},"6":{"start":{"line":14,"column":42},"end":{"line":14,"column":66}},"7":{"start":{"line":19,"column":8},"end":{"line":19,"column":58}},"8":{"start":{"line":19,"column":42},"end":{"line":19,"column":56}},"9":{"start":{"line":24,"column":26},"end":{"line":24,"column":67}},"10":{"start":{"line":24,"column":55},"end":{"line":24,"column":66}},"11":{"start":{"line":25,"column":8},"end":{"line":29,"column":9}},"12":{"start":{"line":27,"column":12},"end":{"line":27,"column":86}},"13":{"start":{"line":28,"column":12},"end":{"line":28,"column":44}},"14":{"start":{"line":30,"column":8},"end":{"line":30,"column":25}},"15":{"start":{"line":34,"column":27},"end":{"line":42,"column":10}},"16":{"start":{"line":44,"column":8},"end":{"line":44,"column":59}},"17":{"start":{"line":44,"column":26},"end":{"line":44,"column":59}},"18":{"start":{"line":45,"column":8},"end":{"line":45,"column":44}},"19":{"start":{"line":45,"column":21},"end":{"line":45,"column":44}},"20":{"start":{"line":47,"column":8},"end":{"line":47,"column":33}},"21":{"start":{"line":48,"column":8},"end":{"line":48,"column":20}},"22":{"start":{"line":5,"column":13},"end":{"line":5,"column":25}},"23":{"start":{"line":5,"column":13},"end":{"line":50,"column":null}}},"fnMap":{"0":{"name":"(anonymous_1)","decl":{"start":{"line":5,"column":7},"end":{"line":5,"column":13}},"loc":{"start":{"line":5,"column":7},"end":{"line":50,"column":1}}},"1":{"name":"(anonymous_2)","decl":{"start":{"line":8,"column":4},"end":{"line":8,"column":15}},"loc":{"start":{"line":8,"column":29},"end":{"line":11,"column":5}}},"2":{"name":"(anonymous_3)","decl":{"start":{"line":9,"column":34},"end":{"line":9,"column":38}},"loc":{"start":{"line":9,"column":42},"end":{"line":9,"column":62}}},"3":{"name":"(anonymous_4)","decl":{"start":{"line":13,"column":4},"end":{"line":13,"column":17}},"loc":{"start":{"line":13,"column":33},"end":{"line":15,"column":5}}},"4":{"name":"(anonymous_5)","decl":{"start":{"line":14,"column":34},"end":{"line":14,"column":38}},"loc":{"start":{"line":14,"column":42},"end":{"line":14,"column":66}}},"5":{"name":"(anonymous_6)","decl":{"start":{"line":18,"column":4},"end":{"line":18,"column":11}},"loc":{"start":{"line":18,"column":22},"end":{"line":20,"column":5}}},"6":{"name":"(anonymous_7)","decl":{"start":{"line":19,"column":34},"end":{"line":19,"column":38}},"loc":{"start":{"line":19,"column":42},"end":{"line":19,"column":56}}},"7":{"name":"(anonymous_8)","decl":{"start":{"line":23,"column":4},"end":{"line":23,"column":10}},"loc":{"start":{"line":23,"column":48},"end":{"line":31,"column":5}}},"8":{"name":"(anonymous_9)","decl":{"start":{"line":24,"column":50},"end":{"line":24,"column":51}},"loc":{"start":{"line":24,"column":55},"end":{"line":24,"column":66}}},"9":{"name":"(anonymous_10)","decl":{"start":{"line":33,"column":4},"end":{"line":33,"column":14}},"loc":{"start":{"line":33,"column":87},"end":{"line":49,"column":5}}}},"branchMap":{"0":{"loc":{"start":{"line":25,"column":8},"end":{"line":29,"column":9}},"type":"if","locations":[{"start":{"line":25,"column":8},"end":{"line":29,"column":9}},{"start":{},"end":{}}]},"1":{"loc":{"start":{"line":44,"column":8},"end":{"line":44,"column":59}},"type":"if","locations":[{"start":{"line":44,"column":8},"end":{"line":44,"column":59}},{"start":{},"end":{}}]},"2":{"loc":{"start":{"line":45,"column":8},"end":{"line":45,"column":44}},"type":"if","locations":[{"start":{"line":45,"column":8},"end":{"line":45,"column":44}},{"start":{},"end":{}}]}},"s":{"0":3,"1":3,"2":0,"3":0,"4":0,"5":0,"6":0,"7":0,"8":0,"9":0,"10":0,"11":0,"12":0,"13":0,"14":0,"15":0,"16":0,"17":0,"18":0,"19":0,"20":0,"21":0,"22":3,"23":3},"f":{"0":0,"1":0,"2":0,"3":0,"4":0,"5":0,"6":0,"7":0,"8":0,"9":0},"b":{"0":[0,0],"1":[0,0],"2":[0,0]}}
}
